[4.222s] Invoking command in '/home/ubuntu/ros2_sep/src/my_robot': PYTHONPATH=/home/ubuntu/ros2_sep/build/my_robot/prefix_override:/home/ubuntu/ros2_sep/install/my_robot/lib/python3.10/site-packages:${PYTHONPATH} /usr/bin/python3 -W ignore:setup.py install is deprecated setup.py egg_info --egg-base ../../build/my_robot build --build-base /home/ubuntu/ros2_sep/build/my_robot/build install --record /home/ubuntu/ros2_sep/build/my_robot/install.log --single-version-externally-managed install_data
[5.225s] running egg_info
[5.284s] writing ../../build/my_robot/my_robot.egg-info/PKG-INFO
[5.286s] writing dependency_links to ../../build/my_robot/my_robot.egg-info/dependency_links.txt
[5.287s] writing entry points to ../../build/my_robot/my_robot.egg-info/entry_points.txt
[5.290s] writing requirements to ../../build/my_robot/my_robot.egg-info/requires.txt
[5.290s] writing top-level names to ../../build/my_robot/my_robot.egg-info/top_level.txt
[5.408s] reading manifest file '../../build/my_robot/my_robot.egg-info/SOURCES.txt'
[5.412s] writing manifest file '../../build/my_robot/my_robot.egg-info/SOURCES.txt'
[5.414s] running build
[5.414s] running build_py
[5.415s] copying my_robot/test_arm_action_raw.py -> /home/ubuntu/ros2_sep/build/my_robot/build/lib/my_robot
[5.416s] copying my_robot/arm_controller.py -> /home/ubuntu/ros2_sep/build/my_robot/build/lib/my_robot
[5.417s] copying my_robot/ROS2moveforward.py -> /home/ubuntu/ros2_sep/build/my_robot/build/lib/my_robot
[5.418s] copying my_robot/test_arm_action.py -> /home/ubuntu/ros2_sep/build/my_robot/build/lib/my_robot
[5.419s] copying my_robot/test_arm_action_rad.py -> /home/ubuntu/ros2_sep/build/my_robot/build/lib/my_robot
[5.420s] copying my_robot/__init__.py -> /home/ubuntu/ros2_sep/build/my_robot/build/lib/my_robot
[5.420s] copying my_robot/test_direct_servo.py -> /home/ubuntu/ros2_sep/build/my_robot/build/lib/my_robot
[5.421s] copying my_robot/test_arm_movement.py -> /home/ubuntu/ros2_sep/build/my_robot/build/lib/my_robot
[5.422s] running install
[5.440s] running install_lib
[5.512s] copying /home/ubuntu/ros2_sep/build/my_robot/build/lib/my_robot/arm_controller.py -> /home/ubuntu/ros2_sep/install/my_robot/lib/python3.10/site-packages/my_robot
[5.520s] byte-compiling /home/ubuntu/ros2_sep/install/my_robot/lib/python3.10/site-packages/my_robot/arm_controller.py to arm_controller.cpython-310.pyc
[5.530s] running install_data
[5.531s] copying resource/my_robot -> /home/ubuntu/ros2_sep/install/my_robot/share/ament_index/resource_index/packages
[5.532s] copying package.xml -> /home/ubuntu/ros2_sep/install/my_robot/share/my_robot
[5.533s] running install_egg_info
[5.658s] removing '/home/ubuntu/ros2_sep/install/my_robot/lib/python3.10/site-packages/my_robot-0.0.0-py3.10.egg-info' (and everything under it)
[5.659s] Copying ../../build/my_robot/my_robot.egg-info to /home/ubuntu/ros2_sep/install/my_robot/lib/python3.10/site-packages/my_robot-0.0.0-py3.10.egg-info
[5.662s] running install_scripts
[6.105s] Installing arm_controller script to /home/ubuntu/ros2_sep/install/my_robot/lib/my_robot
[6.112s] Installing test_arm script to /home/ubuntu/ros2_sep/install/my_robot/lib/my_robot
[6.113s] Installing test_arm_action script to /home/ubuntu/ros2_sep/install/my_robot/lib/my_robot
[6.113s] Installing test_arm_rad script to /home/ubuntu/ros2_sep/install/my_robot/lib/my_robot
[6.113s] Installing test_arm_raw script to /home/ubuntu/ros2_sep/install/my_robot/lib/my_robot
[6.113s] Installing test_direct_servo script to /home/ubuntu/ros2_sep/install/my_robot/lib/my_robot
[6.113s] writing list of installed files to '/home/ubuntu/ros2_sep/build/my_robot/install.log'
[6.247s] Invoked command in '/home/ubuntu/ros2_sep/src/my_robot' returned '0': PYTHONPATH=/home/ubuntu/ros2_sep/build/my_robot/prefix_override:/home/ubuntu/ros2_sep/install/my_robot/lib/python3.10/site-packages:${PYTHONPATH} /usr/bin/python3 -W ignore:setup.py install is deprecated setup.py egg_info --egg-base ../../build/my_robot build --build-base /home/ubuntu/ros2_sep/build/my_robot/build install --record /home/ubuntu/ros2_sep/build/my_robot/install.log --single-version-externally-managed install_data
