[5.788s] Invoking command in '/home/ubuntu/ros2_sep/src/my_robot': PYTHONPATH=/home/ubuntu/ros2_sep/build/my_robot/prefix_override:/home/ubuntu/ros2_sep/install/my_robot/lib/python3.10/site-packages:${PYTHONPATH} /usr/bin/python3 -W ignore:setup.py install is deprecated setup.py egg_info --egg-base ../../build/my_robot build --build-base /home/ubuntu/ros2_sep/build/my_robot/build install --record /home/ubuntu/ros2_sep/build/my_robot/install.log --single-version-externally-managed install_data
[6.889s] running egg_info
[6.939s] writing ../../build/my_robot/my_robot.egg-info/PKG-INFO
[6.941s] writing dependency_links to ../../build/my_robot/my_robot.egg-info/dependency_links.txt
[6.942s] writing entry points to ../../build/my_robot/my_robot.egg-info/entry_points.txt
[6.943s] writing requirements to ../../build/my_robot/my_robot.egg-info/requires.txt
[6.943s] writing top-level names to ../../build/my_robot/my_robot.egg-info/top_level.txt
[7.045s] reading manifest file '../../build/my_robot/my_robot.egg-info/SOURCES.txt'
[7.045s] writing manifest file '../../build/my_robot/my_robot.egg-info/SOURCES.txt'
[7.047s] running build
[7.047s] running build_py
[7.055s] copying my_robot/test_arm_action_raw.py -> /home/ubuntu/ros2_sep/build/my_robot/build/lib/my_robot
[7.056s] copying my_robot/arm_controller.py -> /home/ubuntu/ros2_sep/build/my_robot/build/lib/my_robot
[7.057s] copying my_robot/ROS2moveforward.py -> /home/ubuntu/ros2_sep/build/my_robot/build/lib/my_robot
[7.058s] copying my_robot/test_arm_action.py -> /home/ubuntu/ros2_sep/build/my_robot/build/lib/my_robot
[7.059s] copying my_robot/test_arm_action_rad.py -> /home/ubuntu/ros2_sep/build/my_robot/build/lib/my_robot
[7.060s] copying my_robot/__init__.py -> /home/ubuntu/ros2_sep/build/my_robot/build/lib/my_robot
[7.062s] copying my_robot/test_direct_servo.py -> /home/ubuntu/ros2_sep/build/my_robot/build/lib/my_robot
[7.062s] copying my_robot/test_arm_movement.py -> /home/ubuntu/ros2_sep/build/my_robot/build/lib/my_robot
[7.063s] running install
[7.078s] running install_lib
[7.133s] running install_data
[7.135s] copying resource/my_robot -> /home/ubuntu/ros2_sep/install/my_robot/share/ament_index/resource_index/packages
[7.136s] copying package.xml -> /home/ubuntu/ros2_sep/install/my_robot/share/my_robot
[7.136s] running install_egg_info
[7.197s] removing '/home/ubuntu/ros2_sep/install/my_robot/lib/python3.10/site-packages/my_robot-0.0.0-py3.10.egg-info' (and everything under it)
[7.204s] Copying ../../build/my_robot/my_robot.egg-info to /home/ubuntu/ros2_sep/install/my_robot/lib/python3.10/site-packages/my_robot-0.0.0-py3.10.egg-info
[7.204s] running install_scripts
[7.740s] Installing arm_controller script to /home/ubuntu/ros2_sep/install/my_robot/lib/my_robot
[7.742s] Installing test_arm script to /home/ubuntu/ros2_sep/install/my_robot/lib/my_robot
[7.743s] Installing test_arm_action script to /home/ubuntu/ros2_sep/install/my_robot/lib/my_robot
[7.744s] Installing test_arm_rad script to /home/ubuntu/ros2_sep/install/my_robot/lib/my_robot
[7.744s] Installing test_arm_raw script to /home/ubuntu/ros2_sep/install/my_robot/lib/my_robot
[7.746s] Installing test_direct_servo script to /home/ubuntu/ros2_sep/install/my_robot/lib/my_robot
[7.747s] writing list of installed files to '/home/ubuntu/ros2_sep/build/my_robot/install.log'
[7.893s] Invoked command in '/home/ubuntu/ros2_sep/src/my_robot' returned '0': PYTHONPATH=/home/ubuntu/ros2_sep/build/my_robot/prefix_override:/home/ubuntu/ros2_sep/install/my_robot/lib/python3.10/site-packages:${PYTHONPATH} /usr/bin/python3 -W ignore:setup.py install is deprecated setup.py egg_info --egg-base ../../build/my_robot build --build-base /home/ubuntu/ros2_sep/build/my_robot/build install --record /home/ubuntu/ros2_sep/build/my_robot/install.log --single-version-externally-managed install_data
