[5.691s] Invoking command in '/home/ubuntu/ros2_sep/src/my_robot': PYTHONPATH=/home/ubuntu/ros2_sep/build/my_robot/prefix_override:/home/ubuntu/ros2_sep/install/my_robot/lib/python3.10/site-packages:${PYTHONPATH} /usr/bin/python3 -W ignore:setup.py install is deprecated setup.py egg_info --egg-base ../../build/my_robot build --build-base /home/ubuntu/ros2_sep/build/my_robot/build install --record /home/ubuntu/ros2_sep/build/my_robot/install.log --single-version-externally-managed install_data
[6.897s] running egg_info
[6.952s] writing ../../build/my_robot/my_robot.egg-info/PKG-INFO
[6.954s] writing dependency_links to ../../build/my_robot/my_robot.egg-info/dependency_links.txt
[6.954s] writing entry points to ../../build/my_robot/my_robot.egg-info/entry_points.txt
[6.956s] writing requirements to ../../build/my_robot/my_robot.egg-info/requires.txt
[6.959s] writing top-level names to ../../build/my_robot/my_robot.egg-info/top_level.txt
[7.077s] reading manifest file '../../build/my_robot/my_robot.egg-info/SOURCES.txt'
[7.080s] writing manifest file '../../build/my_robot/my_robot.egg-info/SOURCES.txt'
[7.080s] running build
[7.080s] running build_py
[7.081s] copying my_robot/ROS2moveforward.py -> /home/ubuntu/ros2_sep/build/my_robot/build/lib/my_robot
[7.082s] copying my_robot/__init__.py -> /home/ubuntu/ros2_sep/build/my_robot/build/lib/my_robot
[7.083s] copying my_robot/test_arm_movement.py -> /home/ubuntu/ros2_sep/build/my_robot/build/lib/my_robot
[7.084s] running install
[7.105s] running install_lib
[7.175s] running install_data
[7.175s] copying resource/my_robot -> /home/ubuntu/ros2_sep/install/my_robot/share/ament_index/resource_index/packages
[7.175s] copying package.xml -> /home/ubuntu/ros2_sep/install/my_robot/share/my_robot
[7.177s] running install_egg_info
[7.255s] removing '/home/ubuntu/ros2_sep/install/my_robot/lib/python3.10/site-packages/my_robot-0.0.0-py3.10.egg-info' (and everything under it)
[7.256s] Copying ../../build/my_robot/my_robot.egg-info to /home/ubuntu/ros2_sep/install/my_robot/lib/python3.10/site-packages/my_robot-0.0.0-py3.10.egg-info
[7.259s] running install_scripts
[7.747s] Installing test_arm script to /home/ubuntu/ros2_sep/install/my_robot/lib/my_robot
[7.748s] writing list of installed files to '/home/ubuntu/ros2_sep/build/my_robot/install.log'
[7.881s] Invoked command in '/home/ubuntu/ros2_sep/src/my_robot' returned '0': PYTHONPATH=/home/ubuntu/ros2_sep/build/my_robot/prefix_override:/home/ubuntu/ros2_sep/install/my_robot/lib/python3.10/site-packages:${PYTHONPATH} /usr/bin/python3 -W ignore:setup.py install is deprecated setup.py egg_info --egg-base ../../build/my_robot build --build-base /home/ubuntu/ros2_sep/build/my_robot/build install --record /home/ubuntu/ros2_sep/build/my_robot/install.log --single-version-externally-managed install_data
