[5.609s] Invoking command in '/home/ubuntu/ros2_sep/src/my_robot': PYTHONPATH=/home/ubuntu/ros2_sep/build/my_robot/prefix_override:/home/ubuntu/ros2_sep/install/my_robot/lib/python3.10/site-packages:${PYTHONPATH} /usr/bin/python3 -W ignore:setup.py install is deprecated setup.py egg_info --egg-base ../../build/my_robot build --build-base /home/ubuntu/ros2_sep/build/my_robot/build install --record /home/ubuntu/ros2_sep/build/my_robot/install.log --single-version-externally-managed install_data
[6.959s] running egg_info
[7.013s] writing ../../build/my_robot/my_robot.egg-info/PKG-INFO
[7.015s] writing dependency_links to ../../build/my_robot/my_robot.egg-info/dependency_links.txt
[7.016s] writing entry points to ../../build/my_robot/my_robot.egg-info/entry_points.txt
[7.017s] writing requirements to ../../build/my_robot/my_robot.egg-info/requires.txt
[7.018s] writing top-level names to ../../build/my_robot/my_robot.egg-info/top_level.txt
[7.148s] reading manifest file '../../build/my_robot/my_robot.egg-info/SOURCES.txt'
[7.152s] writing manifest file '../../build/my_robot/my_robot.egg-info/SOURCES.txt'
[7.153s] running build
[7.153s] running build_py
[7.155s] copying my_robot/ROS2moveforward.py -> /home/ubuntu/ros2_sep/build/my_robot/build/lib/my_robot
[7.156s] copying my_robot/__init__.py -> /home/ubuntu/ros2_sep/build/my_robot/build/lib/my_robot
[7.156s] copying my_robot/test_arm_movement.py -> /home/ubuntu/ros2_sep/build/my_robot/build/lib/my_robot
[7.158s] running install
[7.175s] running install_lib
[7.251s] running install_data
[7.253s] copying resource/my_robot -> /home/ubuntu/ros2_sep/install/my_robot/share/ament_index/resource_index/packages
[7.254s] copying package.xml -> /home/ubuntu/ros2_sep/install/my_robot/share/my_robot
[7.256s] running install_egg_info
[7.331s] removing '/home/ubuntu/ros2_sep/install/my_robot/lib/python3.10/site-packages/my_robot-0.0.0-py3.10.egg-info' (and everything under it)
[7.333s] Copying ../../build/my_robot/my_robot.egg-info to /home/ubuntu/ros2_sep/install/my_robot/lib/python3.10/site-packages/my_robot-0.0.0-py3.10.egg-info
[7.339s] running install_scripts
[7.968s] Installing move_robot script to /home/ubuntu/ros2_sep/install/my_robot/lib/my_robot
[7.970s] writing list of installed files to '/home/ubuntu/ros2_sep/build/my_robot/install.log'
[8.120s] Invoked command in '/home/ubuntu/ros2_sep/src/my_robot' returned '0': PYTHONPATH=/home/ubuntu/ros2_sep/build/my_robot/prefix_override:/home/ubuntu/ros2_sep/install/my_robot/lib/python3.10/site-packages:${PYTHONPATH} /usr/bin/python3 -W ignore:setup.py install is deprecated setup.py egg_info --egg-base ../../build/my_robot build --build-base /home/ubuntu/ros2_sep/build/my_robot/build install --record /home/ubuntu/ros2_sep/build/my_robot/install.log --single-version-externally-managed install_data
