[4.436s] Invoking command in '/home/ubuntu/ros2_sep/src/my_robot': PYTHONPATH=/home/ubuntu/ros2_sep/build/my_robot/prefix_override:/home/ubuntu/ros2_sep/install/my_robot/lib/python3.10/site-packages:${PYTHONPATH} /usr/bin/python3 -W ignore:setup.py install is deprecated setup.py egg_info --egg-base ../../build/my_robot build --build-base /home/ubuntu/ros2_sep/build/my_robot/build install --record /home/ubuntu/ros2_sep/build/my_robot/install.log --single-version-externally-managed install_data
[5.663s] running egg_info
[5.722s] writing ../../build/my_robot/my_robot.egg-info/PKG-INFO
[5.724s] writing dependency_links to ../../build/my_robot/my_robot.egg-info/dependency_links.txt
[5.726s] writing entry points to ../../build/my_robot/my_robot.egg-info/entry_points.txt
[5.726s] writing requirements to ../../build/my_robot/my_robot.egg-info/requires.txt
[5.727s] writing top-level names to ../../build/my_robot/my_robot.egg-info/top_level.txt
[5.867s] reading manifest file '../../build/my_robot/my_robot.egg-info/SOURCES.txt'
[5.869s] writing manifest file '../../build/my_robot/my_robot.egg-info/SOURCES.txt'
[5.870s] running build
[5.870s] running build_py
[5.870s] copying my_robot/test_arm_action_raw.py -> /home/ubuntu/ros2_sep/build/my_robot/build/lib/my_robot
[5.871s] copying my_robot/ROS2moveforward.py -> /home/ubuntu/ros2_sep/build/my_robot/build/lib/my_robot
[5.872s] copying my_robot/test_arm_action.py -> /home/ubuntu/ros2_sep/build/my_robot/build/lib/my_robot
[5.873s] copying my_robot/__init__.py -> /home/ubuntu/ros2_sep/build/my_robot/build/lib/my_robot
[5.873s] copying my_robot/test_arm_movement.py -> /home/ubuntu/ros2_sep/build/my_robot/build/lib/my_robot
[5.874s] running install
[5.891s] running install_lib
[5.948s] running install_data
[5.948s] copying resource/my_robot -> /home/ubuntu/ros2_sep/install/my_robot/share/ament_index/resource_index/packages
[5.948s] copying package.xml -> /home/ubuntu/ros2_sep/install/my_robot/share/my_robot
[5.949s] running install_egg_info
[6.012s] removing '/home/ubuntu/ros2_sep/install/my_robot/lib/python3.10/site-packages/my_robot-0.0.0-py3.10.egg-info' (and everything under it)
[6.013s] Copying ../../build/my_robot/my_robot.egg-info to /home/ubuntu/ros2_sep/install/my_robot/lib/python3.10/site-packages/my_robot-0.0.0-py3.10.egg-info
[6.015s] running install_scripts
[6.480s] Installing test_arm script to /home/ubuntu/ros2_sep/install/my_robot/lib/my_robot
[6.480s] Installing test_arm_action script to /home/ubuntu/ros2_sep/install/my_robot/lib/my_robot
[6.481s] Installing test_arm_raw script to /home/ubuntu/ros2_sep/install/my_robot/lib/my_robot
[6.482s] writing list of installed files to '/home/ubuntu/ros2_sep/build/my_robot/install.log'
[6.632s] Invoked command in '/home/ubuntu/ros2_sep/src/my_robot' returned '0': PYTHONPATH=/home/ubuntu/ros2_sep/build/my_robot/prefix_override:/home/ubuntu/ros2_sep/install/my_robot/lib/python3.10/site-packages:${PYTHONPATH} /usr/bin/python3 -W ignore:setup.py install is deprecated setup.py egg_info --egg-base ../../build/my_robot build --build-base /home/ubuntu/ros2_sep/build/my_robot/build install --record /home/ubuntu/ros2_sep/build/my_robot/install.log --single-version-externally-managed install_data
