/home/ubuntu/ros2_sep/install/my_robot/lib/python3.10/site-packages/my_robot/test_arm_action_raw.py
/home/ubuntu/ros2_sep/install/my_robot/lib/python3.10/site-packages/my_robot/arm_controller.py
/home/ubuntu/ros2_sep/install/my_robot/lib/python3.10/site-packages/my_robot/ROS2moveforward.py
/home/ubuntu/ros2_sep/install/my_robot/lib/python3.10/site-packages/my_robot/test_arm_action.py
/home/ubuntu/ros2_sep/install/my_robot/lib/python3.10/site-packages/my_robot/test_arm_action_rad.py
/home/ubuntu/ros2_sep/install/my_robot/lib/python3.10/site-packages/my_robot/__init__.py
/home/ubuntu/ros2_sep/install/my_robot/lib/python3.10/site-packages/my_robot/test_direct_servo.py
/home/ubuntu/ros2_sep/install/my_robot/lib/python3.10/site-packages/my_robot/test_arm_movement.py
/home/ubuntu/ros2_sep/install/my_robot/lib/python3.10/site-packages/my_robot/__pycache__/test_arm_action_raw.cpython-310.pyc
/home/ubuntu/ros2_sep/install/my_robot/lib/python3.10/site-packages/my_robot/__pycache__/arm_controller.cpython-310.pyc
/home/ubuntu/ros2_sep/install/my_robot/lib/python3.10/site-packages/my_robot/__pycache__/ROS2moveforward.cpython-310.pyc
/home/ubuntu/ros2_sep/install/my_robot/lib/python3.10/site-packages/my_robot/__pycache__/test_arm_action.cpython-310.pyc
/home/ubuntu/ros2_sep/install/my_robot/lib/python3.10/site-packages/my_robot/__pycache__/test_arm_action_rad.cpython-310.pyc
/home/ubuntu/ros2_sep/install/my_robot/lib/python3.10/site-packages/my_robot/__pycache__/__init__.cpython-310.pyc
/home/ubuntu/ros2_sep/install/my_robot/lib/python3.10/site-packages/my_robot/__pycache__/test_direct_servo.cpython-310.pyc
/home/ubuntu/ros2_sep/install/my_robot/lib/python3.10/site-packages/my_robot/__pycache__/test_arm_movement.cpython-310.pyc
/home/ubuntu/ros2_sep/install/my_robot/share/ament_index/resource_index/packages/my_robot
/home/ubuntu/ros2_sep/install/my_robot/share/my_robot/package.xml
/home/ubuntu/ros2_sep/install/my_robot/lib/python3.10/site-packages/my_robot-0.0.0-py3.10.egg-info/dependency_links.txt
/home/ubuntu/ros2_sep/install/my_robot/lib/python3.10/site-packages/my_robot-0.0.0-py3.10.egg-info/requires.txt
/home/ubuntu/ros2_sep/install/my_robot/lib/python3.10/site-packages/my_robot-0.0.0-py3.10.egg-info/top_level.txt
/home/ubuntu/ros2_sep/install/my_robot/lib/python3.10/site-packages/my_robot-0.0.0-py3.10.egg-info/PKG-INFO
/home/ubuntu/ros2_sep/install/my_robot/lib/python3.10/site-packages/my_robot-0.0.0-py3.10.egg-info/zip-safe
/home/ubuntu/ros2_sep/install/my_robot/lib/python3.10/site-packages/my_robot-0.0.0-py3.10.egg-info/entry_points.txt
/home/ubuntu/ros2_sep/install/my_robot/lib/python3.10/site-packages/my_robot-0.0.0-py3.10.egg-info/SOURCES.txt
/home/ubuntu/ros2_sep/install/my_robot/lib/my_robot/arm_controller
/home/ubuntu/ros2_sep/install/my_robot/lib/my_robot/test_arm
/home/ubuntu/ros2_sep/install/my_robot/lib/my_robot/test_arm_action
/home/ubuntu/ros2_sep/install/my_robot/lib/my_robot/test_arm_rad
/home/ubuntu/ros2_sep/install/my_robot/lib/my_robot/test_arm_raw
/home/ubuntu/ros2_sep/install/my_robot/lib/my_robot/test_direct_servo
