[5.822s] Invoking command in '/home/ubuntu/ros2_sep/src/my_robot': PYTHONPATH=/home/ubuntu/ros2_sep/build/my_robot/prefix_override:/home/ubuntu/ros2_sep/install/my_robot/lib/python3.10/site-packages:${PYTHONPATH} /usr/bin/python3 -W ignore:setup.py install is deprecated setup.py egg_info --egg-base ../../build/my_robot build --build-base /home/ubuntu/ros2_sep/build/my_robot/build install --record /home/ubuntu/ros2_sep/build/my_robot/install.log --single-version-externally-managed install_data
[7.154s] running egg_info
[7.155s] creating ../../build/my_robot/my_robot.egg-info
[7.233s] writing ../../build/my_robot/my_robot.egg-info/PKG-INFO
[7.234s] writing dependency_links to ../../build/my_robot/my_robot.egg-info/dependency_links.txt
[7.234s] writing entry points to ../../build/my_robot/my_robot.egg-info/entry_points.txt
[7.234s] writing requirements to ../../build/my_robot/my_robot.egg-info/requires.txt
[7.235s] writing top-level names to ../../build/my_robot/my_robot.egg-info/top_level.txt
[7.237s] writing manifest file '../../build/my_robot/my_robot.egg-info/SOURCES.txt'
[7.363s] reading manifest file '../../build/my_robot/my_robot.egg-info/SOURCES.txt'
[7.367s] writing manifest file '../../build/my_robot/my_robot.egg-info/SOURCES.txt'
[7.368s] running build
[7.370s] running build_py
[7.370s] creating /home/ubuntu/ros2_sep/build/my_robot/build
[7.371s] creating /home/ubuntu/ros2_sep/build/my_robot/build/lib
[7.371s] creating /home/ubuntu/ros2_sep/build/my_robot/build/lib/my_robot
[7.372s] copying my_robot/ROS2moveforward.py -> /home/ubuntu/ros2_sep/build/my_robot/build/lib/my_robot
[7.372s] copying my_robot/__init__.py -> /home/ubuntu/ros2_sep/build/my_robot/build/lib/my_robot
[7.374s] running install
[7.396s] running install_lib
[7.478s] creating /home/ubuntu/ros2_sep/install/my_robot/lib/python3.10/site-packages/my_robot
[7.479s] copying /home/ubuntu/ros2_sep/build/my_robot/build/lib/my_robot/ROS2moveforward.py -> /home/ubuntu/ros2_sep/install/my_robot/lib/python3.10/site-packages/my_robot
[7.480s] copying /home/ubuntu/ros2_sep/build/my_robot/build/lib/my_robot/__init__.py -> /home/ubuntu/ros2_sep/install/my_robot/lib/python3.10/site-packages/my_robot
[7.487s] byte-compiling /home/ubuntu/ros2_sep/install/my_robot/lib/python3.10/site-packages/my_robot/ROS2moveforward.py to ROS2moveforward.cpython-310.pyc
[7.500s] byte-compiling /home/ubuntu/ros2_sep/install/my_robot/lib/python3.10/site-packages/my_robot/__init__.py to __init__.cpython-310.pyc
[7.501s] running install_data
[7.504s] creating /home/ubuntu/ros2_sep/install/my_robot/share/ament_index
[7.504s] creating /home/ubuntu/ros2_sep/install/my_robot/share/ament_index/resource_index
[7.504s] creating /home/ubuntu/ros2_sep/install/my_robot/share/ament_index/resource_index/packages
[7.505s] copying resource/my_robot -> /home/ubuntu/ros2_sep/install/my_robot/share/ament_index/resource_index/packages
[7.510s] copying package.xml -> /home/ubuntu/ros2_sep/install/my_robot/share/my_robot
[7.510s] running install_egg_info
[7.583s] Copying ../../build/my_robot/my_robot.egg-info to /home/ubuntu/ros2_sep/install/my_robot/lib/python3.10/site-packages/my_robot-0.0.0-py3.10.egg-info
[7.585s] running install_scripts
[8.115s] Installing move_robot script to /home/ubuntu/ros2_sep/install/my_robot/lib/my_robot
[8.118s] writing list of installed files to '/home/ubuntu/ros2_sep/build/my_robot/install.log'
[8.352s] Invoked command in '/home/ubuntu/ros2_sep/src/my_robot' returned '0': PYTHONPATH=/home/ubuntu/ros2_sep/build/my_robot/prefix_override:/home/ubuntu/ros2_sep/install/my_robot/lib/python3.10/site-packages:${PYTHONPATH} /usr/bin/python3 -W ignore:setup.py install is deprecated setup.py egg_info --egg-base ../../build/my_robot build --build-base /home/ubuntu/ros2_sep/build/my_robot/build install --record /home/ubuntu/ros2_sep/build/my_robot/install.log --single-version-externally-managed install_data
